<?xml version="1.0" encoding="UTF-8"?>
<testng-results ignored="0" total="1" passed="1" failed="0" skipped="0">
  <reporter-output>
  </reporter-output>
  <suite started-at="2021-07-23T15:41:15 IST" name="Default suite" finished-at="2021-07-23T15:41:22 IST" duration-ms="6450">
    <groups>
    </groups>
    <test started-at="2021-07-23T15:41:15 IST" name="Default test" finished-at="2021-07-23T15:41:22 IST" duration-ms="6450">
      <class name="qaclickacademy.Mavenjava.EReportDemo">
        <test-method is-config="true" signature="config()[pri:0, instance:qaclickacademy.Mavenjava.EReportDemo@1de5f259]" started-at="2021-07-23T15:41:15 IST" name="config" finished-at="2021-07-23T15:41:16 IST" duration-ms="257" status="PASS">
          <reporter-output>
          </reporter-output>
        </test-method> <!-- config -->
        <test-method signature="InitaialDemo()[pri:0, instance:qaclickacademy.Mavenjava.EReportDemo@1de5f259]" started-at="2021-07-23T15:41:16 IST" name="InitaialDemo" finished-at="2021-07-23T15:41:22 IST" duration-ms="6168" status="PASS">
          <reporter-output>
          </reporter-output>
        </test-method> <!-- InitaialDemo -->
      </class> <!-- qaclickacademy.Mavenjava.EReportDemo -->
    </test> <!-- Default test -->
  </suite> <!-- Default suite -->
</testng-results>
